----------$nvda----------
7LadyQ said: RT @WallStJesus: 🔥TODAY'S ACTIVE FLOW: $AAPL $SPY $TSLA $AMZN $QQQ $BABA $NFLX $SNAP $NVDA $MSFT $MU $GOOGL $SQ $INTC $MSFT $BAC $TWTR $GOO…
WallStJesus said: 🔥TODAY'S ACTIVE FLOW: $AAPL $SPY $TSLA $AMZN $QQQ $BABA $NFLX $SNAP $NVDA $MSFT $MU $GOOGL $SQ $INTC $MSFT $BAC… https://t.co/T3OTPIwwQs
TopTickrs said: Free Stock Trading! Start trading with Robinhood and get a stock like $NVDA, $SHOP, or $T for FREE! Make sure to fo… https://t.co/g27mNGe1yG
PortoRicanRasta said: WOW $SPOT IS DOWN 11% COME OVER TO $NVCN NEOVASC ITS up 15% $SPY $GDX $FB $RNVA $BAC $GE $XLF $EEM $HLT $TVIX $QQQ… https://t.co/NxUGK0rmkc
TopTickrs said: RT @MinteractApp: Today's million dollar PUT #options trade:
$AAPL $AMZN $JPM $TSLA $BABA $QQQ $XLU $XSP $HUN $SNAP $CHRW $NVDA $EL $SPY $I…
MinteractApp said: Today's million dollar PUT #options trade:
$AAPL $AMZN $JPM $TSLA $BABA $QQQ $XLU $XSP $HUN $SNAP $CHRW $NVDA $EL… https://t.co/42mirxGlBT
MITickWatcher said: Top #moneyflow for #nasdaq today
$GILD $BIIB $NVDA $MU $ATVI $FFIV $AMGN $ALXN $HSIC $ADP ...
https://t.co/S59zN0R1wP
GaryThomson14 said: Weekly Stock Market Review: Top 10 Stock Picks For May: https://t.co/QW9nrSkYtS  

 $SPY $AAPL $AMZN $MSFT $AMD… https://t.co/wfqXjUqN99
nwy2211 said: RT @crabbermike: $FUSZ They did a demo for a deal that would be massive. They stopped the demo and said We've Seen Enough. You'll be Hearin…
PortoRicanRasta said: $NVCN NEOVASC trending up 15% $SPY $GDX $FB $RNVA $BAC $GE $XLF $EEM $HLT $TVIX $QQQ $MU $S $RIG $VXX $F $AMD $TWTR… https://t.co/e85ylr9aFj
investitute said: Swing Traders Win in Both Directions - $NVDA 
https://t.co/LaNdJIePqC
crabbermike said: $FUSZ They did a demo for a deal that would be massive. They stopped the demo and said We've Seen Enough. You'll be… https://t.co/8zheV4fhtR
runr4evrr said: Damn I love $NVDA, it’s like an ATM machine if you know how to play the turns!
Bigbooshoo said: RT @InvestorWisdom: $LVVV $SGMD $POTN $PHOT $LIBE $GRNH $VGID $TRTC $CBIS $APRU $SIPC $MJTK $BTSC $SRNA $ADVT $SIGO $MJTK $ONCI $VATE $AXXA…
BiotechTechAI said: $NVDA This does not much mention ray tracing, (which requires more GPUs 💚), nor healthcare nor manufacturing, nor o… https://t.co/A1UBC473cq
usnews said: The market has already placed a lot of value in @Nvidia's future growth. https://t.co/J6zi89AkDq $NVDA
TopTickrs said: MAXIMIZE PROFIT! TALK STOCKS IN OUR INFORMATION DRIVEN CHAT ROOM AT https://t.co/35LuLR0k4f $NVDA $FB $MJ
PortoRicanRasta said: #DOW down $NVCN Neovasc is up 15% $STNG $F $DAL $UVXY $BBD $FCX $MSFT $IQ $PFE $USO $C $XLE $AKS $TEVA $MFGP $BMY… https://t.co/P85Ygxy4xc
PortoRicanRasta said: #DOW down $NVCN Neovasc is up  15% $XOM $SIRI $BABA $EBAY $FXI $VIPS $EWZ $IWM $MGM $RSX $USO $WFT $XLI $PBR $EGO… https://t.co/s9ckNC8h1F
Mkt_Matrix said: New Swing Matrix Product: 2 NEW SIGNALS 
Download at: https://t.co/t6E4OGSjWv 
$SPY $QQQ $IWM $TLT $GLD $AAPL $AMZN… https://t.co/BmeHLzHZll
----------$baba----------
7LadyQ said: RT @WallStJesus: 🔥TODAY'S ACTIVE FLOW: $AAPL $SPY $TSLA $AMZN $QQQ $BABA $NFLX $SNAP $NVDA $MSFT $MU $GOOGL $SQ $INTC $MSFT $BAC $TWTR $GOO…
WallStJesus said: 🔥TODAY'S ACTIVE FLOW: $AAPL $SPY $TSLA $AMZN $QQQ $BABA $NFLX $SNAP $NVDA $MSFT $MU $GOOGL $SQ $INTC $MSFT $BAC… https://t.co/T3OTPIwwQs
1MinuteStock said: We calculated 21-day Expected Return of $BABA for you: 1.31% https://t.co/BSDeF3VXqk
1MinuteStock said: Not sure what to do with $BABA? Explore our #fundamental pros and cons.  https://t.co/cJYEi5a9Py
GarCapital said: RT @CitronResearch: Citron will soon get back to "exposing" companies-  but in the meantime we wanted to comment our bullish position on "t…
stokss1 said: $baba could be the only one to pull $aapl $fb for the rest of the earnings
1MinuteStock said: Recommendation #HOLD for $BABA with UB rating - 2.79 out of 5. https://t.co/wI73Dnu7nH
FedPorn said: RT @johnscharts: $BABA double bottom. We need more volume https://t.co/1PWtrLdJlt
FedPorn said: Did $Baba report yet?
JasonPModawal said: $BABA bought some OTM calls ... gamble gamble
TopTickrs said: RT @MinteractApp: Today's million dollar PUT #options trade:
$AAPL $AMZN $JPM $TSLA $BABA $QQQ $XLU $XSP $HUN $SNAP $CHRW $NVDA $EL $SPY $I…
MinteractApp said: Today's million dollar PUT #options trade:
$AAPL $AMZN $JPM $TSLA $BABA $QQQ $XLU $XSP $HUN $SNAP $CHRW $NVDA $EL… https://t.co/42mirxGlBT
EricyuanY said: RT @TSTRealMoney: The most compelling growth story in the market is also the world's most heavily shorted stock - Alibaba $BABA https://t.c…
Ro_Patel said: $AMZN offering retailers discounts to adopt Amazon Pay payment system - $PYPL $AAPL $GOOG $GOOGL $BABA $WU
placecap said: RT @JerryCap: The first time I understood how engrained $BABA was to the China...

Digging through Haver Analytics Chinese data and realizi…
OpenOutcrier said: RECAP 5/2
+Pos Comments: $ACRE $ESND $BABA $VSTM $WIRE
-Neg Comments: $FLWS $DBD
JerryCap said: The first time I understood how engrained $BABA was to the China...

Digging through Haver Analytics Chinese data a… https://t.co/JHkZfMIoop
TheGretzOne said: $BABA shorting the VWAP, nail and bail. https://t.co/Fyz9pS3gw7
BorntoHunt0823 said: RT @option_snipper: Lots of names fading a lot. Only holding my remaining $tsla $baba calls into tomorrow.
option_snipper said: Lots of names fading a lot. Only holding my remaining $tsla $baba calls into tomorrow.
----------$ge----------
PortoRicanRasta said: WOW $SPOT IS DOWN 11% COME OVER TO $NVCN NEOVASC ITS up 15% $SPY $GDX $FB $RNVA $BAC $GE $XLF $EEM $HLT $TVIX $QQQ… https://t.co/NxUGK0rmkc
Briefingcom said: Co’s that have issued #guidance in the last 30 days https://t.co/8amEwzAzhU $CLX $CVS $GRMN $SSYS $AAPL $MRK $SHOP… https://t.co/T7t28qSeOJ
TopTickrs said: Free Crypto Trading! Start trading with Robinhood and get a stock like $ZNGA, $SNAP, or $GE for FREE! Make sure to… https://t.co/Q2WjuNxFPA
PortoRicanRasta said: $NVCN NEOVASC trending up 15% $SPY $GDX $FB $RNVA $BAC $GE $XLF $EEM $HLT $TVIX $QQQ $MU $S $RIG $VXX $F $AMD $TWTR… https://t.co/e85ylr9aFj
TopTickrs said: Free Crypto Trading! Sign up with Robinhood and get a stock like $AMD, $F, or $GE for FREE! Make sure to follow thi… https://t.co/DOZq3wAtq8
WaelKechli said: We're at @ACGGlobal #InterGrowth shooting video interviews with top dealmakers and listening to keynote by former… https://t.co/oik1ZR8IKn
KeemWynn said: @SlopeOfHope $aapl = $ge
SeemaSapraLaw said: 00.54am $GE #GE #corpgov #FCPA whistle-blower Seema Sapra being poisoned outside gate 8 Delhi High Court @FBI… https://t.co/yfg4ezAXtQ
SuperDuperInvst said: We saw good earnings from $INTC $MSFT $CSCO $AAPL $AMZN $BA $GE $NFLX $TWTR $FB $JCI 
Now all eyes are on $TSLA earnings
kevinbistre said: $GE is at 14.25 Stock investing while listening to @RickRoss. Motivates to make a financial investment. Its only money. I'm not a Star.
SeemaSapraLaw said: 00.51am $GE #GE #corpgov #FCPA whistle-blower Seema Sapra being poisoned outside gate 8 Delhi High Court @FBI… https://t.co/CB6IjnCUxn
JavierFP21 said: RT @Txapieh: Cartera USA 
$BITA $UA $GE $GPRO y una pequeña entrada a 4.12$ en $SWN https://t.co/PRJcHfLEWT
TheMiddleMarket said: We're at @ACGGlobal #InterGrowth shooting video interviews with top dealmakers and listening to keynote by former… https://t.co/yaTuVBvi7e
TopTickrs said: Free Crypto Trading! Start trading with Robinhood and get a stock like $HPQ, $SHOP, or $GE for FREE! Make sure to f… https://t.co/XH09aaBnzv
PortoRicanRasta said: #DOW down $NVCN NEOVASC up 15% 2day $SPY $GDX $FB $RNVA $BAC $GE $XLF $EEM $HLT $TVIX $QQQ $MU $S $RIG $VXX $F $AMD… https://t.co/Bi7KGHCCoB
TopTickrs said: Free Crypto Trading! Start trading with Robinhood and get a stock like $TWTR, $F, or $GE for FREE! Make sure to fol… https://t.co/zdPPCMXdIC
investmorris said: 3D printing for the military at GE $GE https://t.co/4pZnexsqhx
PortoRicanRasta said: $NVCN NEOVASC is up 15% nice today $SPY $GDX $FB $RNVA $BAC $GE $XLF $EEM $HLT $TVIX $QQQ $MU $S $RIG $VXX $F $AMD… https://t.co/EfDqlRwKln
michael_sopot said: RT @rwalton22: media hates $ge so much that it's almost a buy; and loves $tsla so much that it goes w/out saying. 

$ge vs $tsla: 

sales:…
