----------$nvda----------
runr4evrr said: Damn I love $NVDA, it’s like an ATM machine if you know how to play the turns!
Bigbooshoo said: RT @InvestorWisdom: $LVVV $SGMD $POTN $PHOT $LIBE $GRNH $VGID $TRTC $CBIS $APRU $SIPC $MJTK $BTSC $SRNA $ADVT $SIGO $MJTK $ONCI $VATE $AXXA…
BiotechTechAI said: $NVDA This does not much mention ray tracing, (which requires more GPUs 💚), nor healthcare nor manufacturing, nor o… https://t.co/A1UBC473cq
usnews said: The market has already placed a lot of value in @Nvidia's future growth. https://t.co/J6zi89AkDq $NVDA
TopTickrs said: MAXIMIZE PROFIT! TALK STOCKS IN OUR INFORMATION DRIVEN CHAT ROOM AT https://t.co/35LuLR0k4f $NVDA $FB $MJ
PortoRicanRasta said: #DOW down $NVCN Neovasc is up 15% $STNG $F $DAL $UVXY $BBD $FCX $MSFT $IQ $PFE $USO $C $XLE $AKS $TEVA $MFGP $BMY… https://t.co/P85Ygxy4xc
PortoRicanRasta said: #DOW down $NVCN Neovasc is up  15% $XOM $SIRI $BABA $EBAY $FXI $VIPS $EWZ $IWM $MGM $RSX $USO $WFT $XLI $PBR $EGO… https://t.co/s9ckNC8h1F
Mkt_Matrix said: New Swing Matrix Product: 2 NEW SIGNALS 
Download at: https://t.co/t6E4OGSjWv 
$SPY $QQQ $IWM $TLT $GLD $AAPL $AMZN… https://t.co/BmeHLzHZll
PortoRicanRasta said: #DOW down $NVCN NEOVASC is up 15% $YNDX $AAL $BABA $BBD $BTG $COP $PAY $RF $HPQ $AMAT $WMB $IQ $HAL $DUST $NEM $XLP… https://t.co/uVBlI6rNkk
montrAAnderson said: RT @TopTickrs: MAXIMIZE PROFIT! CHAT WITH TRADERS ON OUR MARKET FOCUSED CHAT ROOM AT https://t.co/35LuLR0k4f $NVDA $X $GROW
PortoRicanRasta said: #DOW down $NVCN NEOVASC up 15% 2day $SPY $GDX $FB $RNVA $BAC $GE $XLF $EEM $HLT $TVIX $QQQ $MU $S $RIG $VXX $F $AMD… https://t.co/Bi7KGHCCoB
PortoRicanRasta said: #DOW down $NVCN Neovasc is up  15% $STNG $F $DAL $UVXY $BBD $FCX $MSFT $IQ $PFE $USO $C $XLE $AKS $TEVA $MFGP $BMY… https://t.co/wHqft6IYb9
JSears68 said: $NVDA driverless part to Tesla $TSLA going to be a drag for earnings but will be hitting Nvidia quite hard... FRI targ 217
PortoRicanRasta said: $NVCN Neovasc is up an amazing 15% $STNG $F $DAL $UVXY $BBD $FCX $MSFT $IQ $PFE $USO $C $XLE $AKS $TEVA $MFGP $BMY… https://t.co/BBed8OeDb9
TopTickrs said: MAXIMIZE PROFIT! CHAT WITH TRADERS ON OUR MARKET FOCUSED CHAT ROOM AT https://t.co/35LuLR0k4f $NVDA $X $GROW
PortoRicanRasta said: $NVCN Neovasc is  up a lovely 15% $XOM $SIRI $BABA $EBAY $FXI $VIPS $EWZ $IWM $MGM $RSX $USO $WFT $XLI $PBR $EGO… https://t.co/wifUqv0Vtm
Stockwisest said: RT @Stockwisest: $Vmsi .07 $etbi .004
$GBTC
Bloody day in Market
$DOW $NSDQ $SP 

$BTC $9117 $ETH 681
$XRP .85  $XLM .441

Rally for 2% or…
Stockwisest said: $Vmsi .07 $etbi .004
$GBTC
Bloody day in Market
$DOW $NSDQ $SP 

$BTC $9117 $ETH 681
$XRP .85  $XLM .441

Rally for… https://t.co/DT4UcDHqI8
PortoRicanRasta said: $NVCN NEOVASC is up a lovely 15% $YNDX $AAL $BABA $BBD $BTG $COP $PAY $RF $HPQ $AMAT $WMB $IQ $HAL $DUST $NEM $XLP… https://t.co/YgaJ8ZPZI6
PortoRicanRasta said: $NVCN NEOVASC is up 15% nice today $SPY $GDX $FB $RNVA $BAC $GE $XLF $EEM $HLT $TVIX $QQQ $MU $S $RIG $VXX $F $AMD… https://t.co/EfDqlRwKln
----------$baba----------
BorntoHunt0823 said: RT @option_snipper: Lots of names fading a lot. Only holding my remaining $tsla $baba calls into tomorrow.
option_snipper said: Lots of names fading a lot. Only holding my remaining $tsla $baba calls into tomorrow.
DaniyarKK said: $BABA is very nicely bullish!🔥🚀 https://t.co/DlcyptQ7TR
TSTRealMoney said: The most compelling growth story in the market is also the world's most heavily shorted stock - Alibaba $BABA https://t.co/UXMov6kb9H
QuestTies said: RT @questCNN: $BABA and #BIBI https://t.co/G3WeKAh76A
myhedghog said: $AMZN weekly 1600s are 2.20 with $BABA ahead, and after a bullish looking consol here

Solid R/R
myhedghog said: Added additional $BABA here
afortunetrading said: ** update on $aapl left out freebie's .. $baba locked some profits and riding for ER Friday.. https://t.co/LZILeXUKJj
TopTickrs said: ThinkScript Tutorial: Using Custom Scripts In Your Stock Scanner – Dollar Volume (Millions) https://t.co/ljk796d0kw… https://t.co/3Er1t1eO9a
4Awesometweet said: “It’s never s sign of a market top when Chinese #unicorns go public at ridiculous valuations.”

-Dick Fuld… https://t.co/8NzNKTUx9K
PortoRicanRasta said: #DOW down $NVCN Neovasc is up 15% $STNG $F $DAL $UVXY $BBD $FCX $MSFT $IQ $PFE $USO $C $XLE $AKS $TEVA $MFGP $BMY… https://t.co/P85Ygxy4xc
SASchoenfeld said: #Israeli PM @netanyahu to @AlibabaGroup Chairman Jack Ma: #Israel is the #Innovation #Nation - we’re glad that you… https://t.co/WWV22JvNV6
AccurateTrading said: Update: Today's Option Positions, Cost, Market Price:
$AAPL $175 @ 2.945 now 4.325
$AMZN $1600 @ 3.575 now 3.425… https://t.co/ztebm2yWd7
PortoRicanRasta said: #DOW down $NVCN Neovasc is up  15% $XOM $SIRI $BABA $EBAY $FXI $VIPS $EWZ $IWM $MGM $RSX $USO $WFT $XLI $PBR $EGO… https://t.co/s9ckNC8h1F
Mkt_Matrix said: New Swing Matrix Product: 2 NEW SIGNALS 
Download at: https://t.co/t6E4OGSjWv 
$SPY $QQQ $IWM $TLT $GLD $AAPL $AMZN… https://t.co/BmeHLzHZll
Phishphan9 said: $BABA reports #earnings on May 4 #stocks #StockMarket #markets #WallStreet #InvestmentBanking #investing… https://t.co/GhjJB5R7FN
PortoRicanRasta said: #DOW down $NVCN NEOVASC is up 15% $YNDX $AAL $BABA $BBD $BTG $COP $PAY $RF $HPQ $AMAT $WMB $IQ $HAL $DUST $NEM $XLP… https://t.co/uVBlI6rNkk
PortoRicanRasta said: #DOW down $NVCN Neovasc is up  15% $STNG $F $DAL $UVXY $BBD $FCX $MSFT $IQ $PFE $USO $C $XLE $AKS $TEVA $MFGP $BMY… https://t.co/wHqft6IYb9
ScottnearSMF said: Top 10 Non Index at 1:40 $SPY $AAPL $QQQ $SNAP $EEM $WFT $IWM $KRE $BABA $BAC @Options @Optionsgirl123
BorntoHunt0823 said: RT @johnscharts: $BABA double bottom. We need more volume https://t.co/1PWtrLdJlt
----------$ge----------
TopTickrs said: Free Crypto Trading! Sign up with Robinhood and get a stock like $AMD, $F, or $GE for FREE! Make sure to follow thi… https://t.co/DOZq3wAtq8
WaelKechli said: We're at @ACGGlobal #InterGrowth shooting video interviews with top dealmakers and listening to keynote by former… https://t.co/oik1ZR8IKn
KeemWynn said: @SlopeOfHope $aapl = $ge
SeemaSapraLaw said: 00.54am $GE #GE #corpgov #FCPA whistle-blower Seema Sapra being poisoned outside gate 8 Delhi High Court @FBI… https://t.co/yfg4ezAXtQ
SuperDuperInvst said: We saw good earnings from $INTC $MSFT $CSCO $AAPL $AMZN $BA $GE $NFLX $TWTR $FB $JCI 
Now all eyes are on $TSLA earnings
kevinbistre said: $GE is at 14.25 Stock investing while listening to @RickRoss. Motivates to make a financial investment. Its only money. I'm not a Star.
SeemaSapraLaw said: 00.51am $GE #GE #corpgov #FCPA whistle-blower Seema Sapra being poisoned outside gate 8 Delhi High Court @FBI… https://t.co/CB6IjnCUxn
JavierFP21 said: RT @Txapieh: Cartera USA 
$BITA $UA $GE $GPRO y una pequeña entrada a 4.12$ en $SWN https://t.co/PRJcHfLEWT
TheMiddleMarket said: We're at @ACGGlobal #InterGrowth shooting video interviews with top dealmakers and listening to keynote by former… https://t.co/yaTuVBvi7e
TopTickrs said: Free Crypto Trading! Start trading with Robinhood and get a stock like $HPQ, $SHOP, or $GE for FREE! Make sure to f… https://t.co/XH09aaBnzv
PortoRicanRasta said: #DOW down $NVCN NEOVASC up 15% 2day $SPY $GDX $FB $RNVA $BAC $GE $XLF $EEM $HLT $TVIX $QQQ $MU $S $RIG $VXX $F $AMD… https://t.co/Bi7KGHCCoB
TopTickrs said: Free Crypto Trading! Start trading with Robinhood and get a stock like $TWTR, $F, or $GE for FREE! Make sure to fol… https://t.co/zdPPCMXdIC
investmorris said: 3D printing for the military at GE $GE https://t.co/4pZnexsqhx
PortoRicanRasta said: $NVCN NEOVASC is up 15% nice today $SPY $GDX $FB $RNVA $BAC $GE $XLF $EEM $HLT $TVIX $QQQ $MU $S $RIG $VXX $F $AMD… https://t.co/EfDqlRwKln
michael_sopot said: RT @rwalton22: media hates $ge so much that it's almost a buy; and loves $tsla so much that it goes w/out saying. 

$ge vs $tsla: 

sales:…
JamesCali707 said: $SNAP is trash along with $FB... $FIT is trash, $GE is also garbage,  someone needs to aquire $GPRO..  $YELP is also garbage too... #Stocks
randadtrade said: Banked .54 gain $FTK reset, Banked .45 $GE reset
LangDixon1991 said: RT @realsheepwolf: 👉 $FUSZ 👈 SITTING AT JUST UNREALISTICALLY LOW PRICES DUE TO MM NAKED SHORTING=#OPPORTUNITY FOR CHEAPIES
💚FREE $FUSZ DD:…
