----------$baba----------
TheBurdetteLawF said: #estate asset watch - heaviest volume today:  $BAC $GE $T $SNAP $CZR $AAPL $NXPI $F $NLY $MRO $BABA $ZNGA $TEVA $MU… https://t.co/i6KtymHLfF
rasulvatsan said: RT @TopTickrs: ThinkScript Tutorial: Using Custom Scripts In Your Stock Scanner – Dollar Volume (Millions) https://t.co/ljk796d0kw via @Top…
olivecallous said: RT @PlanetZiggurat: 🚀🔥Debt listing open https://t.co/VOEUjnISk5   🚀🔥  #bitcoin #ZigguratICO   $AMZN $ETSY $BABA $WMT $TGT $KR $JPM $FB $WFC…
viliamone said: RT @PlanetZiggurat: 🚀🔥Debt listing open https://t.co/VOEUjnISk5   🚀🔥  #bitcoin #ZigguratICO   $AMZN $ETSY $BABA $WMT $TGT $KR $JPM $FB $WFC…
tradnews_ said: RT @theflynews: Notable companies reporting before tomorrow's open $BABA $CELG $VFC $LNG $NWL $CBOE $AXL https://t.co/YodOnK36oG
theflynews said: Notable companies reporting before tomorrow's open $BABA $CELG $VFC $LNG $NWL $CBOE $AXL https://t.co/YodOnK36oG
tusctrader said: Anyone have thoughts on $BABA earnings in am?
TopTickrs said: FIND YOUR EDGE! EXPLORE STRATEGIES IN OUR RESEARCH BASED CHAT ROOM AT https://t.co/35LuLR0k4f $AMD $ROKU $BABA
AccurateTrading said: Alibaba option traders expected bigger-than-usual post earnings movement. $BABA https://t.co/eBbBWpSQyd
IntensityStocks said: The stock market is always ready, are you? $CLWT $STAA $BABA $TTWO https://t.co/BeLiyDZQtp https://t.co/x8hwpEoZti
SuperDuperInvst said: $IPDN - PROFITABLE in 2018
THIN float of 750k shares Insiders holding of 60% paid $3.91 - $9.80/share
#CHINA #USA p… https://t.co/IajpX2cThA
PortoRicanRasta said: $NVCN NEOVASC BEST KEPT SECRET $YNDX $AAL $BABA $BBD $BTG $COP $PAY $RF $HPQ $AMAT $WMB $IQ $HAL $DUST $NEM $XLP… https://t.co/ZpPGdcycHf
stockSoorma said: $BABA Bought the dip little late at 179 today. Average 178ish. PT 190+ for Tomorrow intact.
PortoRicanRasta said: $NVCN Neovasc BEST KEPT SECRET $XOM $SIRI $BABA $EBAY $FXI $VIPS $EWZ $IWM $MGM $RSX $USO $WFT $XLI $PBR $EGO $ORCL… https://t.co/fLmOdyQ9hy
optionalarmchat said: REAL TIME TRADE ALERTS via PRIVATE $TWTR FEED, perfect for people who have FT jobs and trade part-time! $AMZN $NFLX $GOOGL $BABA SMU $FB
loglog_vc said: guys my effing track record is sick. think back: $BUFF, $BABA, $UNP, $TWTR (yes twtr!), $FB, $AAPL, short on $UA in… https://t.co/Z83SH1cXSG
FonzeeTweets said: $BABA nice hammer back to green, that’s the way you rip people off before a great e/r
WarrenPuffett9 said: Bought more $BABA https://t.co/gDBoMEK3GQ
paynej247 said: RT @eWhispers: Friday #earnings 

$BABA $CELG $LNG $IONS $ACAD $CBOE $NWL $IMGN $AXL $BCC $IDXX $ESNT $GEL $PETX $VFC $AON $AGIO $GOGO $TRT…
TopTickrs said: ThinkScript Tutorial: Using Custom Scripts In Your Stock Scanner – Dollar Volume (Millions) https://t.co/ljk796d0kw… https://t.co/6iZKvl959n
