----------$ge----------
TheBurdetteLawF said: #estate asset watch - heaviest volume today:  $BAC $GE $T $SNAP $CZR $AAPL $NXPI $F $NLY $MRO $BABA $ZNGA $TEVA $MU… https://t.co/i6KtymHLfF
MattJ_D said: @SaqibReports @jennablan @QTRResearch Chanos should have shorted $GE.
s_cwl said: RT @SavvyInsight: @vuzix IMPRESSIVE Customer list &amp; VIP's include:
$ORCL $SAP $BB $BP $AMZN $CAT $PFE $BA $GE $INTC $HON $PG $UL $DELL $PEP…
PortoRicanRasta said: $NVCN NEOVASC BEST KEPT SECRET $SPY $GDX $FB $RNVA $BAC $GE $XLF $EEM $HLT $TVIX $QQQ $MU $S $RIG $VXX $F $AMD… https://t.co/OwjDcDC0pN
SavvyInsight said: @vuzix IMPRESSIVE Customer list &amp; VIP's include:
$ORCL $SAP $BB $BP $AMZN $CAT $PFE $BA $GE $INTC $HON $PG $UL… https://t.co/B24Sr4ABDJ
adit92545025 said: RT @TomSpainRJ: A busy week of earnings scheduled ahead 👉

$NFLX $BAC $GE $LRCX $GS $UNH $IBM $JNJ $CLF $MTB $ABT $MS $ISRG $PGR $CMA $PG $…
ThisLincolnian said: Investors Buy Shares of General Electric $GE on Weakness https://t.co/CxxwtfB2ox
1nysportsfan said: $T $GE and $QCOM have had big percentage falloff last 6 months but @elonmusk has the narrative on @PowerLunch
kelli_reeser said: RT @CryptoMomoTrade: 👉 $UITA 👈👍🤣 STRONGEST ONE
$KOSK $DIRV $BRKK $TVOG $SRUP $MAXD $CELZ $AAPL $FUSZ $BSTN $BRKK $MEDH 
$AAPL $SIRI $CSCO $…
CryptoMomoTrade said: RT @CryptoMomoTrade: 👉 $UITA 👈👍🤣 STRONGEST ONE
$KOSK $DIRV $BRKK $TVOG $SRUP $MAXD $CELZ $AAPL $FUSZ $BSTN $BRKK $MEDH 
$AAPL $SIRI $CSCO $…
CryptoMomoTrade said: 👉 $UITA 👈👍🤣 STRONGEST ONE
$KOSK $DIRV $BRKK $TVOG $SRUP $MAXD $CELZ $AAPL $FUSZ $BSTN $BRKK $MEDH 
$AAPL $SIRI… https://t.co/c2RMSKVC9J
QuantalyticsRes said: Quantamize Midday Volatility Report May 3:

https://t.co/h5qGdpwjop

$PYPL $GE $INTC
#investors #ThursdayThoughts
finzine said: $GE A Billionaire Makes a Classic Investing Error via https://t.co/jURZDymPXI
TheBurdetteLawF said: #estate asset watch - price / volume leaders today: $AAPL $BABA $TSLA $FB $BAC $NXPI $AMZN $BA $JPM $SPOT $T $MSFT… https://t.co/2mKC2S4SRi
ProVesting said: $BRKB $AAPL $WFC $GE $JPM:

Warren Buffett: What To Expect From Berkshire Hathaway’s ‘Woodstock Of Capitalism’:

https://t.co/S9NDkQ2GVR
DarthTraderHQ said: NEW FRIDAY RATINGS OUT: Buy, Sell or Hold Ratings Issued For: $MAXD $MINE $EGOC $GMGI $ICBU $NECA $WNTR $BLDV $INCC… https://t.co/Ny38aoKjGh
ConsumerFeed said: General Electric $GE Given a $19.00 Price Target at Morningstar https://t.co/rGKCCWLCuo
Faraj15182642 said: RT @TopTickrs: Free Crypto Trading! Start trading with Robinhood and get a stock like $AMD, $ROKU, or $GE for FREE! Make sure to follow thi…
TopTickrs said: Free Crypto Trading! Start trading with Robinhood and get a stock like $AMD, $ROKU, or $GE for FREE! Make sure to f… https://t.co/MfNrEbMPBy
rondoinvest said: $GE still long cause of rel. strength ... $NFLX weak - could see 280 fast.
$SBUX st. reaction back to 57 possible.… https://t.co/mBqV2mkhta
