----------$nvda----------
TopTickrs said: ThinkScript Tutorial: Using Custom Scripts In Your Stock Scanner – Dollar Volume (Millions) https://t.co/ljk796d0kw… https://t.co/wDmtD63fxa
TopTickrs said: Free Crypto Trading! Start investing with Robinhood and get a stock like $NVDA, $OSTK, or $BAC for FREE! Make sure… https://t.co/fTlkJn9erY
rasulvatsan said: RT @TopTickrs: ThinkScript Tutorial: Using Custom Scripts In Your Stock Scanner – Dollar Volume (Millions) https://t.co/ljk796d0kw via @Top…
JSears68 said: $NVDA breaks a downtrend resistance line going back to Mar 21... can make a run towards 240 TMRRW
Cmoney90878080 said: RT @realsheepwolf: 👉 $FUSZ 👈DON'T ALLOW YOURSELF TO BE IN THE DARK ON THIS #UNICORN  #LIFECHANGER  #WEALTHBUILDER
🦄FREE $FUSZ DD HERE: http…
smiths117 said: $ATVI halted and $nvda jumped things that make you go hmmmmm
tradnews_ said: RT @AlertTrade: Trading Ideas: $NVDA Breaking Out of Long Term Triangle https://t.co/CioRJfTkjI 📈 FREE trade-of-week via https://t.co/u9kgZ…
AlertTrade said: Trading Ideas: $NVDA Breaking Out of Long Term Triangle https://t.co/CioRJfTkjI 📈 FREE trade-of-week via… https://t.co/VtAgcshl0v
PortoRicanRasta said: $NVCN NEOVASC BEST KEPT SECRET $SPY $GDX $FB $RNVA $BAC $GE $XLF $EEM $HLT $TVIX $QQQ $MU $S $RIG $VXX $F $AMD… https://t.co/OwjDcDC0pN
PortoRicanRasta said: $NVCN NEOVASC BEST KEPT SECRET $YNDX $AAL $BABA $BBD $BTG $COP $PAY $RF $HPQ $AMAT $WMB $IQ $HAL $DUST $NEM $XLP… https://t.co/ZpPGdcycHf
PortoRicanRasta said: $NVCN Neovasc BEST KEPT SECRET $XOM $SIRI $BABA $EBAY $FXI $VIPS $EWZ $IWM $MGM $RSX $USO $WFT $XLI $PBR $EGO $ORCL… https://t.co/fLmOdyQ9hy
SwatOptions said: $NVDA gave you CALLs 232.5 at 0.7s at 12:41pm... trading now at $2.2s...  you welcome https://t.co/dMqrrzvfqQ
DevinBoyle55 said: $NVDA Breaking Out of Long Term Triangle - #NVDA chart https://t.co/bwHONEEZvp
TopTickrs said: ThinkScript Tutorial: Using Custom Scripts In Your Stock Scanner – Dollar Volume (Millions) https://t.co/ljk796d0kw… https://t.co/6iZKvl959n
realsheepwolf said: RT @realsheepwolf: 👉 $FUSZ 👈DON'T ALLOW YOURSELF TO BE IN THE DARK ON THIS #UNICORN  #LIFECHANGER  #WEALTHBUILDER
🦄FREE $FUSZ DD HERE: http…
rasulvatsan said: RT @TopTickrs: LEVERAGE VOLATILITY! TALK STOCKS IN OUR RESEARCH BASED CHAT ROOM AT https://t.co/35LuLR0k4f $NVDA $COST $BTSC
mqoptions said: Rolled my $nvda 230 weeklies into 232.50s.  Realized I’ll probably get dinged for free ride. Forgot about that.  Ha… https://t.co/7FrIdstkXb
ExactOptionPick said: ACTIVE TRADERS Try one of these FREE trading guides:

https://t.co/tBBXyHENKu

$NFLX $TSLA $AAPL $AXP $GS $FB $AMZN $GOOGL $NVDA
CryptoMomoTrade said: RT @OneOClockDrop: $UITA About to make a big move. Perfect chart. Low Float and NO CONVERTIBLE DEBT $mgti $amd $riot $gbtc $gahc $glnnf $sq…
verybearish said: $NVDA you cheeky monkey https://t.co/ORTbBrHLlM
